#-----------------------------------------------------------
# Vivado v2020.1 (64-bit)
# SW Build 2902540 on Wed May 27 19:54:49 MDT 2020
# IP Build 2902112 on Wed May 27 22:43:36 MDT 2020
# Start of session at: Tue Aug 19 09:24:46 2025
# Process ID: 14152
# Current directory: D:/FPGA_DATA/GC/ddr_pro/DDR3_AXI
# Command line: vivado.exe -gui_launcher_event rodinguilauncherevent13296 D:\FPGA_DATA\GC\ddr_pro\DDR3_AXI\DDR3_AXI.xpr
# Log file: D:/FPGA_DATA/GC/ddr_pro/DDR3_AXI/vivado.log
# Journal file: D:/FPGA_DATA/GC/ddr_pro/DDR3_AXI\vivado.jou
#-----------------------------------------------------------
start_gui
open_project D:/FPGA_DATA/GC/ddr_pro/DDR3_AXI/DDR3_AXI.xpr
INFO: [Project 1-313] Project file moved from 'D:/FPGA_APP/GC/DDR3_AXI' since last save.
Scanning sources...
Finished scanning sources
INFO: [IP_Flow 19-234] Refreshing IP repositories
INFO: [IP_Flow 19-1704] No user IP repositories specified
INFO: [IP_Flow 19-2313] Loaded Vivado IP repository 'D:/FPGA_APP/Vivado/2020.1/data/ip'.
open_project: Time (s): cpu = 00:00:33 ; elapsed = 00:00:24 . Memory (MB): peak = 1054.941 ; gain = 0.000
update_compile_order -fileset sources_1
exit
INFO: [Common 17-206] Exiting Vivado at Tue Aug 19 19:33:18 2025...
